<?xml version="1.0" encoding="UTF-8"?>
<testsuite xmlns:xsi="http://www.w3.org/2001/XMLSchema-instance" xsi:noNamespaceSchemaLocation="https://maven.apache.org/surefire/maven-surefire-plugin/xsd/surefire-test-report-3.0.xsd" version="3.0" name="service.FuncionarioServiceTest" time="0.314" tests="10" errors="0" skipped="0" failures="0">
  <properties>
[...]
</properties>
  <testcase name="testAplicarAumentoPercentual" classname="service.FuncionarioServiceTest" time="0.109"/>
  <testcase name="testSalariosMinimosQueRecebe" classname="service.FuncionarioServiceTest" time="0.0"/>
  <testcase name="testAgruparPorFuncao" classname="service.FuncionarioServiceTest" time="0.016"/>
  <testcase name="testRemoverPorNomeRemoveCorretamente" classname="service.FuncionarioServiceTest" time="0.016"/>
  <testcase name="testCriarFuncionariosIniciais" classname="service.FuncionarioServiceTest" time="0.0"/>
  <testcase name="testOrdenarPorNome" classname="service.FuncionarioServiceTest" time="0.0"/>
  <testcase name="testFuncionarioMaisVelho" classname="service.FuncionarioServiceTest" time="0.0"/>
  <testcase name="testSomarSalarios" classname="service.FuncionarioServiceTest" time="0.0"/>
  <testcase name="testAniversariantesNosMeses" classname="service.FuncionarioServiceTest" time="0.016"/>
  <testcase name="testIdadeEmAnos" classname="service.FuncionarioServiceTest" time="0.0"/>
</testsuite>